<?xml version="1.0" encoding="UTF-8"?>
<!-- Generated by org.testng.reporters.JUnitReportReporter -->
<testsuite hostname="ALI-66842N" name="org.footoo.common.test.lang.util.ByteUtilTest" tests="1" failures="0" timestamp="20 Jul 2014 10:53:19 GMT" time="0.008" errors="0">
  <testcase name="test" time="0.008" classname="org.footoo.common.test.lang.util.ByteUtilTest"/>
</testsuite> <!-- org.footoo.common.test.lang.util.ByteUtilTest -->
